<?xml version="1.0" encoding="UTF-8"?>
<!-- Generated by org.testng.reporters.JUnitReportReporter -->
<testsuite hostname="DESKTOP-FTN5AAV" failures="0" tests="1" name="Demoqa.FramesTest" time="3.383" errors="0" timestamp="2024-09-24T12:06:51 IST" skipped="0">
  <testcase classname="Demoqa.FramesTest" name="verifyFrames" time="3.383"/>
</testsuite> <!-- Demoqa.FramesTest -->
