<?xml version="1.0" encoding="UTF-8"?>
<!-- Generated by org.testng.reporters.JUnitReportReporter -->
<testsuite hostname="DESKTOP-FTN5AAV" failures="0" tests="1" name="Demoqa.AlertsTest" time="18.503" errors="0" timestamp="2024-09-23T16:53:51 IST" skipped="0">
  <testcase classname="Demoqa.AlertsTest" name="VerifyAlertForPromptButton" time="18.503"/>
</testsuite> <!-- Demoqa.AlertsTest -->
