<?xml version="1.0" encoding="UTF-8"?>
<!-- Generated by org.testng.reporters.JUnitReportReporter -->
<testsuite hostname="DESKTOP-FTN5AAV" failures="0" tests="1" name="DataTables.VerifyTables" time="9.871" errors="0" timestamp="2024-09-26T17:33:47 IST" skipped="0">
  <testcase classname="DataTables.VerifyTables" name="verifyWebTable" time="9.871"/>
</testsuite> <!-- DataTables.VerifyTables -->
