<?xml version="1.0" encoding="UTF-8"?>
<!-- Generated by org.testng.reporters.JUnitReportReporter -->
<testsuite hostname="DESKTOP-FTN5AAV" failures="0" tests="1" name="Demoqa.ElementTables" time="29.650" errors="0" timestamp="2024-09-23T13:18:32 IST" skipped="0">
  <testcase classname="Demoqa.ElementTables" name="VerifyDeleteRecordisSuccessful" time="29.650"/>
</testsuite> <!-- Demoqa.ElementTables -->
