<?xml version="1.0" encoding="UTF-8"?>
<!-- Generated by org.testng.reporters.JUnitReportReporter -->
<testsuite hostname="DESKTOP-FTN5AAV" failures="0" tests="1" name="Demoqa.FormsTest" time="3.721" errors="0" timestamp="2024-09-20T17:32:41 IST" skipped="0">
  <testcase classname="Demoqa.FormsTest" name="VerifyUserRegistration" time="3.721"/>
</testsuite> <!-- Demoqa.FormsTest -->
