<?xml version="1.0" encoding="UTF-8"?>
<!-- Generated by org.testng.reporters.JUnitReportReporter -->
<testsuite hostname="DESKTOP-FTN5AAV" failures="0" tests="1" name="Demoqa.WidgetsTest" time="15.852" errors="0" timestamp="2024-09-24T13:22:17 IST" skipped="0">
  <testcase classname="Demoqa.WidgetsTest" name="verifyMenuPage" time="15.852"/>
</testsuite> <!-- Demoqa.WidgetsTest -->
